[33m[nodemon] 1.13.3[39m
[33m[nodemon] to restart at any time, enter `rs`[39m
[33m[nodemon] watching: *.*[39m
[32m[nodemon] starting `node index.js .`[39m
Listening on PORT 8080...
[31m[nodemon] app bearer eyJhbGciOiJIUzI1NiIsInR5cCI6IkpXVCJ9.eyJfaWQiOiI1YWY3OTkzM2YyOWQyYjAwMTRjYWMzNTgiLCJpYXQiOjE1MzMyMjMxMzB9.bz2d214LLhT0wzh_SU_RpdQgXugl4seh51K47BQZ1Tc
true
tokeeeeeeeeeeeeeeeeeeeeeeeeeeeeeeeeeeeen parser
eyJhbGciOiJIUzI1NiIsInR5cCI6IkpXVCJ9.eyJfaWQiOiI1YWY3OTkzM2YyOWQyYjAwMTRjYWMzNTgiLCJpYXQiOjE1MzMyMjMxMzB9.bz2d214LLhT0wzh_SU_RpdQgXugl4seh51K47BQZ1Tc
5af79933f29d2b0014cac358
bearer eyJhbGciOiJIUzI1NiIsInR5cCI6IkpXVCJ9.eyJfaWQiOiI1YWY3OTkzM2YyOWQyYjAwMTRjYWMzNTgiLCJpYXQiOjE1MzMyMjMxMzB9.bz2d214LLhT0wzh_SU_RpdQgXugl4seh51K47BQZ1Tc
true
tokeeeeeeeeeeeeeeeeeeeeeeeeeeeeeeeeeeeen parser
eyJhbGciOiJIUzI1NiIsInR5cCI6IkpXVCJ9.eyJfaWQiOiI1YWY3OTkzM2YyOWQyYjAwMTRjYWMzNTgiLCJpYXQiOjE1MzMyMjMxMzB9.bz2d214LLhT0wzh_SU_RpdQgXugl4seh51K47BQZ1Tc
5af79933f29d2b0014cac358
/api/articles
/api/auth/active_user
{ _id: 5af79933f29d2b0014cac358,
  firebase_id: 'D6ctpst7ZYQrdIgNdIBmU7d9Fqx2',
  username: 'undertakertfk',
  name: 'undertakertfk',
  email: 'oscraker@gmail.com',
  active: false,
  description: 'Amo y señor de este portal',
  avatar: 'https://res.cloudinary.com/dm303fk5u/image/upload/v1526722722/mcvef5rkv1bmsgguaz8w.jpg',
  user_type: 1,
  date_of_creation: '13-05-2018, 01:47:31',
  website: 'https://www.omwdesign.eu',
  __v: 0,
  articles: 
   [ 5af799b3f29d2b0014cac359,
     5affe77e9ff70c2114202610,
     5b0239159625653bae7eb6f2,
     5b0239309625653bae7eb6f3 ],
  discord: { id: null, username: null, status: false } }
{ _id: 5af79933f29d2b0014cac358,
  firebase_id: 'D6ctpst7ZYQrdIgNdIBmU7d9Fqx2',
  username: 'undertakertfk',
  name: 'undertakertfk',
  email: 'oscraker@gmail.com',
  active: false,
  description: 'Amo y señor de este portal',
  avatar: 'https://res.cloudinary.com/dm303fk5u/image/upload/v1526722722/mcvef5rkv1bmsgguaz8w.jpg',
  user_type: 1,
  date_of_creation: '13-05-2018, 01:47:31',
  website: 'https://www.omwdesign.eu',
  __v: 0,
  articles: 
   [ 5af799b3f29d2b0014cac359,
     5affe77e9ff70c2114202610,
     5b0239159625653bae7eb6f2,
     5b0239309625653bae7eb6f3 ],
  discord: { id: null, username: null, status: false } }
bearer eyJhbGciOiJIUzI1NiIsInR5cCI6IkpXVCJ9.eyJfaWQiOiI1YWY3OTkzM2YyOWQyYjAwMTRjYWMzNTgiLCJpYXQiOjE1MzMyMjMxMzB9.bz2d214LLhT0wzh_SU_RpdQgXugl4seh51K47BQZ1Tc
true
tokeeeeeeeeeeeeeeeeeeeeeeeeeeeeeeeeeeeen parser
eyJhbGciOiJIUzI1NiIsInR5cCI6IkpXVCJ9.eyJfaWQiOiI1YWY3OTkzM2YyOWQyYjAwMTRjYWMzNTgiLCJpYXQiOjE1MzMyMjMxMzB9.bz2d214LLhT0wzh_SU_RpdQgXugl4seh51K47BQZ1Tc
5af79933f29d2b0014cac358
bearer eyJhbGciOiJIUzI1NiIsInR5cCI6IkpXVCJ9.eyJfaWQiOiI1YWY3OTkzM2YyOWQyYjAwMTRjYWMzNTgiLCJpYXQiOjE1MzMyMjMxMzB9.bz2d214LLhT0wzh_SU_RpdQgXugl4seh51K47BQZ1Tc
true
tokeeeeeeeeeeeeeeeeeeeeeeeeeeeeeeeeeeeen parser
eyJhbGciOiJIUzI1NiIsInR5cCI6IkpXVCJ9.eyJfaWQiOiI1YWY3OTkzM2YyOWQyYjAwMTRjYWMzNTgiLCJpYXQiOjE1MzMyMjMxMzB9.bz2d214LLhT0wzh_SU_RpdQgXugl4seh51K47BQZ1Tc
5af79933f29d2b0014cac358
/api/auth/active_user
{ _id: 5af79933f29d2b0014cac358,
  firebase_id: 'D6ctpst7ZYQrdIgNdIBmU7d9Fqx2',
  username: 'undertakertfk',
  name: 'undertakertfk',
  email: 'oscraker@gmail.com',
  active: false,
  description: 'Amo y señor de este portal',
  avatar: 'https://res.cloudinary.com/dm303fk5u/image/upload/v1526722722/mcvef5rkv1bmsgguaz8w.jpg',
  user_type: 1,
  date_of_creation: '13-05-2018, 01:47:31',
  website: 'https://www.omwdesign.eu',
  __v: 0,
  articles: 
   [ 5af799b3f29d2b0014cac359,
     5affe77e9ff70c2114202610,
     5b0239159625653bae7eb6f2,
     5b0239309625653bae7eb6f3 ],
  discord: { id: null, username: null, status: false } }
{ _id: 5af79933f29d2b0014cac358,
  firebase_id: 'D6ctpst7ZYQrdIgNdIBmU7d9Fqx2',
  username: 'undertakertfk',
  name: 'undertakertfk',
  email: 'oscraker@gmail.com',
  active: false,
  description: 'Amo y señor de este portal',
  avatar: 'https://res.cloudinary.com/dm303fk5u/image/upload/v1526722722/mcvef5rkv1bmsgguaz8w.jpg',
  user_type: 1,
  date_of_creation: '13-05-2018, 01:47:31',
  website: 'https://www.omwdesign.eu',
  __v: 0,
  articles: 
   [ 5af799b3f29d2b0014cac359,
     5affe77e9ff70c2114202610,
     5b0239159625653bae7eb6f2,
     5b0239309625653bae7eb6f3 ],
  discord: { id: null, username: null, status: false } }
/api/article/5b0239309625653bae7eb6f3
